2024-11-11 13:11:06,312 [INFO] Starting data processing...
2024-11-11 13:11:06,393 [INFO] Use pytorch device_name: mps
2024-11-11 13:11:06,393 [INFO] Load pretrained SentenceTransformer: all-MiniLM-L6-v2
2024-11-11 13:11:11,385 [INFO] Loaded SentenceTransformer model 'all-MiniLM-L6-v2'.
2024-11-11 13:11:11,624 [INFO] Found sheets: ['OverView', 'NS Cases', 'Retail & E-commerce ', 'Mining & Natural Resourc', 'Healthcare-Pharmaceuticals', 'FMCG-CPG & Consumer Goods', 'Energy & Utilities', 'Construction & Real-Estate', 'Manufacturing', 'Media-Entertainment and Gaming', 'Banking & Financial Services', 'Agriculture & Dairy Farming', 'Legal & Professional Services ', 'Travel,Transportation logistics']
2024-11-11 13:11:11,624 [INFO] Processing sheet: 'OverView'
2024-11-11 13:11:11,722 [INFO] Row 15 in sheet 'OverView' is empty. Skipping.
2024-11-11 13:11:11,723 [INFO] Row 16 in sheet 'OverView' is empty. Skipping.
2024-11-11 13:11:11,723 [INFO] Row 32 in sheet 'OverView' is empty. Skipping.
2024-11-11 13:11:11,723 [INFO] Row 33 in sheet 'OverView' is empty. Skipping.
2024-11-11 13:11:11,723 [INFO] Row 34 in sheet 'OverView' is empty. Skipping.
2024-11-11 13:11:11,723 [INFO] Row 36 in sheet 'OverView' is empty. Skipping.
2024-11-11 13:11:11,724 [INFO] Processed 45 sentences from sheet 'OverView'.
2024-11-11 13:11:11,724 [INFO] Processing sheet: 'NS Cases'
2024-11-11 13:11:11,776 [INFO] Processed 46 sentences from sheet 'NS Cases'.
2024-11-11 13:11:11,776 [INFO] Processing sheet: 'Retail & E-commerce '
2024-11-11 13:11:11,837 [INFO] Processed 198 sentences from sheet 'Retail & E-commerce '.
2024-11-11 13:11:11,838 [INFO] Processing sheet: 'Mining & Natural Resourc'
2024-11-11 13:11:11,887 [INFO] Processed 8 sentences from sheet 'Mining & Natural Resourc'.
2024-11-11 13:11:11,887 [INFO] Processing sheet: 'Healthcare-Pharmaceuticals'
2024-11-11 13:11:11,951 [INFO] Processed 220 sentences from sheet 'Healthcare-Pharmaceuticals'.
2024-11-11 13:11:11,951 [INFO] Processing sheet: 'FMCG-CPG & Consumer Goods'
2024-11-11 13:11:12,014 [INFO] Processed 260 sentences from sheet 'FMCG-CPG & Consumer Goods'.
2024-11-11 13:11:12,014 [INFO] Processing sheet: 'Energy & Utilities'
2024-11-11 13:11:12,072 [INFO] Processed 125 sentences from sheet 'Energy & Utilities'.
2024-11-11 13:11:12,072 [INFO] Processing sheet: 'Construction & Real-Estate'
2024-11-11 13:11:12,125 [INFO] Processed 62 sentences from sheet 'Construction & Real-Estate'.
2024-11-11 13:11:12,125 [INFO] Processing sheet: 'Manufacturing'
2024-11-11 13:11:12,192 [INFO] Processed 297 sentences from sheet 'Manufacturing'.
2024-11-11 13:11:12,192 [INFO] Processing sheet: 'Media-Entertainment and Gaming'
2024-11-11 13:11:12,245 [INFO] Processed 80 sentences from sheet 'Media-Entertainment and Gaming'.
2024-11-11 13:11:12,245 [INFO] Processing sheet: 'Banking & Financial Services'
2024-11-11 13:11:12,314 [INFO] Processed 349 sentences from sheet 'Banking & Financial Services'.
2024-11-11 13:11:12,314 [INFO] Processing sheet: 'Agriculture & Dairy Farming'
2024-11-11 13:11:12,365 [INFO] Processed 47 sentences from sheet 'Agriculture & Dairy Farming'.
2024-11-11 13:11:12,365 [INFO] Processing sheet: 'Legal & Professional Services '
2024-11-11 13:11:12,417 [INFO] Processed 58 sentences from sheet 'Legal & Professional Services '.
2024-11-11 13:11:12,417 [INFO] Processing sheet: 'Travel,Transportation logistics'
2024-11-11 13:11:12,477 [INFO] Processed 187 sentences from sheet 'Travel,Transportation logistics'.
2024-11-11 13:11:12,477 [INFO] Generating embeddings...
2024-11-11 13:12:04,313 [INFO] Embedding generation completed.
2024-11-11 13:12:05,478 [INFO] Successfully saved 1982 embeddings to 'embeddings.json'.
2024-11-11 13:12:05,478 [INFO] Data processing and embedding generation completed successfully.
2024-11-11 13:16:42,527 [INFO] Starting data processing...
2024-11-11 13:16:42,584 [INFO] Use pytorch device_name: mps
2024-11-11 13:16:42,584 [INFO] Load pretrained SentenceTransformer: all-MiniLM-L6-v2
2024-11-11 13:16:50,946 [INFO] Loaded SentenceTransformer model 'all-MiniLM-L6-v2'.
2024-11-11 13:16:51,214 [INFO] Found sheets: ['OverView', 'NS Cases', 'Retail & E-commerce ', 'Mining & Natural Resourc', 'Healthcare-Pharmaceuticals', 'FMCG-CPG & Consumer Goods', 'Energy & Utilities', 'Construction & Real-Estate', 'Manufacturing', 'Media-Entertainment and Gaming', 'Banking & Financial Services', 'Agriculture & Dairy Farming', 'Legal & Professional Services ', 'Travel,Transportation logistics']
2024-11-11 13:16:51,215 [INFO] Processing sheet: 'OverView'
2024-11-11 13:16:51,300 [WARNING] Column 'Description' not found in sheet 'OverView'. Skipping this column.
2024-11-11 13:16:51,300 [WARNING] Column 'Use Case Description' not found in sheet 'OverView'. Skipping this column.
2024-11-11 13:16:51,302 [ERROR] Failed to process sheet 'OverView': "None of [Index(['Description', 'Use Case Description'], dtype='object')] are in the [columns]"
2024-11-11 13:16:51,302 [INFO] Processing sheet: 'NS Cases'
2024-11-11 13:16:51,381 [INFO] Processed 35 sentences from sheet 'NS Cases'.
2024-11-11 13:16:51,531 [INFO] Processing sheet: 'Retail & E-commerce '
2024-11-11 13:16:51,617 [INFO] Processed 159 sentences from sheet 'Retail & E-commerce '.
2024-11-11 13:16:51,617 [INFO] Processing sheet: 'Mining & Natural Resourc'
2024-11-11 13:16:51,666 [INFO] Processed 6 sentences from sheet 'Mining & Natural Resourc'.
2024-11-11 13:16:51,666 [INFO] Processing sheet: 'Healthcare-Pharmaceuticals'
2024-11-11 13:16:51,730 [INFO] Processed 167 sentences from sheet 'Healthcare-Pharmaceuticals'.
2024-11-11 13:16:51,730 [INFO] Processing sheet: 'FMCG-CPG & Consumer Goods'
2024-11-11 13:16:51,795 [INFO] Processed 209 sentences from sheet 'FMCG-CPG & Consumer Goods'.
2024-11-11 13:16:51,795 [INFO] Processing sheet: 'Energy & Utilities'
2024-11-11 13:16:51,854 [INFO] Processed 96 sentences from sheet 'Energy & Utilities'.
2024-11-11 13:16:51,854 [INFO] Processing sheet: 'Construction & Real-Estate'
2024-11-11 13:16:51,907 [INFO] Processed 49 sentences from sheet 'Construction & Real-Estate'.
2024-11-11 13:16:51,907 [INFO] Processing sheet: 'Manufacturing'
2024-11-11 13:16:51,976 [INFO] Processed 234 sentences from sheet 'Manufacturing'.
2024-11-11 13:16:51,976 [INFO] Processing sheet: 'Media-Entertainment and Gaming'
2024-11-11 13:16:52,031 [INFO] Processed 64 sentences from sheet 'Media-Entertainment and Gaming'.
2024-11-11 13:16:52,031 [INFO] Processing sheet: 'Banking & Financial Services'
2024-11-11 13:16:52,103 [INFO] Processed 278 sentences from sheet 'Banking & Financial Services'.
2024-11-11 13:16:52,103 [INFO] Processing sheet: 'Agriculture & Dairy Farming'
2024-11-11 13:16:52,155 [INFO] Processed 39 sentences from sheet 'Agriculture & Dairy Farming'.
2024-11-11 13:16:52,155 [INFO] Processing sheet: 'Legal & Professional Services '
2024-11-11 13:16:52,208 [INFO] Processed 50 sentences from sheet 'Legal & Professional Services '.
2024-11-11 13:16:52,208 [INFO] Processing sheet: 'Travel,Transportation logistics'
2024-11-11 13:16:52,270 [INFO] Processed 162 sentences from sheet 'Travel,Transportation logistics'.
2024-11-11 13:16:52,270 [INFO] Generating embeddings...
2024-11-11 13:17:26,220 [INFO] Embedding generation completed.
2024-11-11 13:17:27,185 [INFO] Successfully saved 1548 embeddings to 'embeddings.json'.
2024-11-11 13:17:27,185 [INFO] Data processing and embedding generation completed successfully.
2024-11-11 13:25:28,071 [INFO] Starting data processing...
2024-11-11 13:25:28,136 [INFO] Use pytorch device_name: mps
2024-11-11 13:25:28,136 [INFO] Load pretrained SentenceTransformer: all-MiniLM-L6-v2
2024-11-11 13:25:33,604 [INFO] Loaded SentenceTransformer model 'all-MiniLM-L6-v2'.
2024-11-11 13:25:33,852 [INFO] Found sheets: ['OverView', 'NS Cases', 'Retail & E-commerce ', 'Mining & Natural Resourc', 'Healthcare-Pharmaceuticals', 'FMCG-CPG & Consumer Goods', 'Energy & Utilities', 'Construction & Real-Estate', 'Manufacturing', 'Media-Entertainment and Gaming', 'Banking & Financial Services', 'Agriculture & Dairy Farming', 'Legal & Professional Services ', 'Travel,Transportation logistics']
2024-11-11 13:25:33,853 [INFO] Processing sheet: 'OverView'
2024-11-11 13:25:33,927 [WARNING] Column 'Description' not found in sheet 'OverView'. Skipping this column.
2024-11-11 13:25:33,927 [WARNING] Column 'Use Case Description' not found in sheet 'OverView'. Skipping this column.
2024-11-11 13:25:34,129 [ERROR] Failed to process sheet 'OverView': "None of [Index(['Description', 'Use Case Description'], dtype='object')] are in the [columns]"
2024-11-11 13:25:34,192 [INFO] Processing sheet: 'NS Cases'
2024-11-11 13:25:34,301 [INFO] Processed 35 sentences from sheet 'NS Cases'.
2024-11-11 13:25:34,302 [INFO] Processing sheet: 'Retail & E-commerce '
2024-11-11 13:25:34,364 [INFO] Processed 159 sentences from sheet 'Retail & E-commerce '.
2024-11-11 13:25:34,364 [INFO] Processing sheet: 'Mining & Natural Resourc'
2024-11-11 13:25:34,413 [INFO] Processed 6 sentences from sheet 'Mining & Natural Resourc'.
2024-11-11 13:25:34,413 [INFO] Processing sheet: 'Healthcare-Pharmaceuticals'
2024-11-11 13:25:34,477 [INFO] Processed 167 sentences from sheet 'Healthcare-Pharmaceuticals'.
2024-11-11 13:25:34,477 [INFO] Processing sheet: 'FMCG-CPG & Consumer Goods'
2024-11-11 13:25:34,541 [INFO] Processed 209 sentences from sheet 'FMCG-CPG & Consumer Goods'.
2024-11-11 13:25:34,541 [INFO] Processing sheet: 'Energy & Utilities'
2024-11-11 13:25:34,599 [INFO] Processed 96 sentences from sheet 'Energy & Utilities'.
2024-11-11 13:25:34,600 [INFO] Processing sheet: 'Construction & Real-Estate'
2024-11-11 13:25:34,652 [INFO] Processed 49 sentences from sheet 'Construction & Real-Estate'.
2024-11-11 13:25:34,652 [INFO] Processing sheet: 'Manufacturing'
2024-11-11 13:25:34,721 [INFO] Processed 234 sentences from sheet 'Manufacturing'.
2024-11-11 13:25:34,721 [INFO] Processing sheet: 'Media-Entertainment and Gaming'
2024-11-11 13:25:34,774 [INFO] Processed 64 sentences from sheet 'Media-Entertainment and Gaming'.
2024-11-11 13:25:34,774 [INFO] Processing sheet: 'Banking & Financial Services'
2024-11-11 13:25:34,845 [INFO] Processed 278 sentences from sheet 'Banking & Financial Services'.
2024-11-11 13:25:34,845 [INFO] Processing sheet: 'Agriculture & Dairy Farming'
2024-11-11 13:25:34,896 [INFO] Processed 39 sentences from sheet 'Agriculture & Dairy Farming'.
2024-11-11 13:25:34,896 [INFO] Processing sheet: 'Legal & Professional Services '
2024-11-11 13:25:34,949 [INFO] Processed 50 sentences from sheet 'Legal & Professional Services '.
2024-11-11 13:25:34,949 [INFO] Processing sheet: 'Travel,Transportation logistics'
2024-11-11 13:25:35,010 [INFO] Processed 162 sentences from sheet 'Travel,Transportation logistics'.
2024-11-11 13:25:35,010 [INFO] Generating embeddings...
2024-11-11 13:26:08,489 [INFO] Embedding generation completed.
2024-11-11 13:26:09,426 [INFO] Successfully saved 1548 embeddings to 'embeddings.json'.
2024-11-11 13:26:09,426 [INFO] Data processing and embedding generation completed successfully.
